[01:59:13.690][INFO]: Successfully injected RecipeFS file system
[01:59:13.727][INFO]: Successfully identified and loaded plugin crafttweaker:builtin
[01:59:13.728][INFO]: Successfully identified and loaded plugin crafttweaker:builtin_forge
[01:59:13.731][INFO]: Successfully identified and loaded plugin farmersdelight:crafttweaker_plugin
[01:59:14.619][INFO]: The following mods have explicit CraftTweaker support through the default plugin:
[01:59:14.621][INFO]: - 'aether' at version '1.19.2-1.4.2-forge'
[01:59:14.621][INFO]: - 'aquaculture' at version '1.19.2-2.4.17'
[01:59:14.621][INFO]: - 'crafttweaker' at version '10.1.55'
[01:59:14.621][INFO]: - 'farmersdelight' at version '1.19.2-1.2.4'
[01:59:14.626][INFO]: - 'gamestages' at version '11.1.4'
[01:59:14.626][INFO]: - 'itemstages' at version '5.1.4'
[01:59:25.551][INFO]: Started loading scripts for loader 'initialize'
[01:59:26.249][INFO]: Compiling and executing scripts
[01:59:26.317][INFO]: Successfully initialized modules [crafttweaker, expansions]
[01:59:26.446][INFO]: Execution for loader 'initialize' completed successfully
[01:59:36.840][INFO]: Started loading scripts for loader 'tags'
[01:59:36.887][INFO]: Compiling and executing scripts
[01:59:36.906][INFO]: Successfully initialized modules [crafttweaker, expansions]
[01:59:36.918][INFO]: Execution for loader 'tags' completed successfully
[01:59:46.470][INFO]: Started loading scripts for loader 'crafttweaker'
[01:59:46.502][INFO]: Compiling and executing scripts
[01:59:46.908][INFO]: Successfully initialized modules [mods, crafttweaker, expansions]
[01:59:46.911][INFO]: Loading file 'Cisco.zs' with priority 0
[01:59:46.935][INFO]: Hello world!
[01:59:46.938][INFO]: Adding 'minecraft:smithing' recipe, with name: 'crafttweaker:dreadsteel_chestplate' that outputs: '<item:dreadsteel:dreadsteel_chestplate>'
[01:59:46.939][INFO]: Adding 'minecraft:smithing' recipe, with name: 'crafttweaker:dreadsteel_helmet' that outputs: '<item:dreadsteel:dreadsteel_helmet>'
[01:59:46.939][INFO]: Adding 'minecraft:smithing' recipe, with name: 'crafttweaker:dreadsteel_boots' that outputs: '<item:dreadsteel:dreadsteel_boots>'
[01:59:46.940][INFO]: Adding 'minecraft:smithing' recipe, with name: 'crafttweaker:dreadsteel_leggings' that outputs: '<item:dreadsteel:dreadsteel_leggings>'
[01:59:46.940][INFO]: Adding 'minecraft:crafting' recipe, of type: "shapeless", with name: 'crafttweaker:dreadsteel_ingot_recipe' that outputs: '<item:dreadsteel:dreadsteel_ingot>'
[01:59:46.940][INFO]: Adding 'minecraft:crafting' recipe, of type: "shapeless", with name: 'crafttweaker:dreadsteel_scythe_recipe' that outputs: '<item:dreadsteel:dreadsteel_scythe>'
[01:59:46.940][INFO]: Adding 'minecraft:crafting' recipe, of type: "shapeless", with name: 'crafttweaker:dreadsteel_shield_recipe' that outputs: '<item:dreadsteel:dreadsteel_shield>'
[01:59:46.941][INFO]: Removing "minecraft:crafting" recipes with modid: "dreadsteel"
[01:59:46.943][INFO]: Adding 'minecraft:crafting' recipe, of type: "shapeless", with name: 'crafttweaker:amnesia_scroll' that outputs: '<item:skilltree:amnesia_scroll>'
[01:59:46.943][INFO]: Adding 'minecraft:crafting' recipe, of type: "shapeless", with name: 'crafttweaker:true_dragons_breath' that outputs: '<item:cisco_mod:true_dragons_breath>'
[01:59:46.948][INFO]: Adding 'minecraft:crafting' recipe, of type: "shapeless", with name: 'crafttweaker:rogue_eye' that outputs: '<item:endrem:rogue_eye>.withTag({Damage: 0})'
[01:59:46.949][INFO]: Adding 'minecraft:crafting' recipe, of type: "shapeless", with name: 'crafttweaker:undead_soul' that outputs: '<item:endrem:undead_soul>'
[01:59:46.949][INFO]: Adding 'minecraft:crafting' recipe, of type: "shapeless", with name: 'crafttweaker:demonium_ingot_recipe' that outputs: '<item:cisco_mod:demonium_ingot>'
[01:59:46.949][INFO]: Adding 'minecraft:crafting' recipe, of type: "shapeless", with name: 'crafttweaker:frigidium_ingot_recipe' that outputs: '<item:cisco_mod:frigidiumingot>'
[01:59:46.949][INFO]: Execution for loader 'crafttweaker' completed successfully
[01:59:46.951][INFO]: This reload was made possible by Lucas and more! Become a patron at https://patreon.com/jaredlll08?s=crtmod
