[19Apr2025 00:01:28.853] [Server thread/INFO] [net.minecraft.server.network.ServerGamePacketListenerImpl/]: Gress lost connection: Disconnected
[19Apr2025 00:01:28.857] [Server thread/INFO] [net.minecraft.server.MinecraftServer/]: Gress left the game
[19Apr2025 00:01:34.901] [Netty Epoll Server IO #3/INFO] [Calio/]: Received acknowledgment for login packet with id 211
[19Apr2025 00:01:34.962] [Netty Epoll Server IO #3/INFO] [Calio/]: Received acknowledgment for login packet with id 212
[19Apr2025 00:01:34.965] [Netty Epoll Server IO #3/INFO] [Calio/]: Received acknowledgment for login packet with id 213
[19Apr2025 00:01:34.968] [Netty Epoll Server IO #3/INFO] [Calio/]: Received acknowledgment for login packet with id 214
[19Apr2025 00:01:35.013] [Netty Epoll Server IO #3/INFO] [Calio/]: Received acknowledgment for login packet with id 215
[19Apr2025 00:01:35.070] [Netty Epoll Server IO #3/INFO] [Calio/]: Received acknowledgment for login packet with id 216
[19Apr2025 00:01:35.128] [Netty Epoll Server IO #3/INFO] [Calio/]: Received acknowledgment for login packet with id 217
[19Apr2025 00:01:35.186] [Netty Epoll Server IO #3/INFO] [Calio/]: Received acknowledgment for login packet with id 218
[19Apr2025 00:01:35.243] [Netty Epoll Server IO #3/INFO] [Calio/]: Received acknowledgment for login packet with id 219
[19Apr2025 00:01:35.301] [Netty Epoll Server IO #3/INFO] [Calio/]: Received acknowledgment for login packet with id 220
[19Apr2025 00:01:35.304] [Netty Epoll Server IO #3/INFO] [Calio/]: Received acknowledgment for login packet with id 221
[19Apr2025 00:01:35.357] [Netty Epoll Server IO #3/INFO] [Calio/]: Received acknowledgment for login packet with id 222
[19Apr2025 00:01:36.531] [Netty Epoll Server IO #3/INFO] [Calio/]: Received acknowledgment for login packet with id 223
[19Apr2025 00:01:36.571] [Netty Epoll Server IO #3/INFO] [Calio/]: Received acknowledgment for login packet with id 224
[19Apr2025 00:01:36.571] [Netty Epoll Server IO #3/INFO] [Calio/]: Received acknowledgment for login packet with id 225
[19Apr2025 00:01:36.659] [Server thread/INFO] [net.minecraftforge.common.AdvancementLoadFix/]: Using new advancement loading for net.minecraft.server.PlayerAdvancements@37819b72
[19Apr2025 00:01:36.668] [Server thread/INFO] [net.minecraft.server.players.PlayerList/]: Joselin23[/127.185.233.136:45519] logged in with entity id 17012 at (11680.263192248147, 111.0, 15351.97303203184)
[19Apr2025 00:01:36.698] [Server thread/INFO] [ModdingLegacy/blue_skies/]: Sending ToolHandleTypeManager to Joselin23
[19Apr2025 00:01:36.698] [Server thread/INFO] [ModdingLegacy/blue_skies/]: Sending SnowcapOvenFreezingManager to Joselin23
[19Apr2025 00:01:36.698] [Server thread/INFO] [ModdingLegacy/blue_skies/]: Sending HorizoniteForgeFuelManager to Joselin23
[19Apr2025 00:01:36.699] [Server thread/INFO] [ModdingLegacy/blue_skies/]: Sending AlchemyRecipeManager to Joselin23
[19Apr2025 00:01:36.700] [Server thread/INFO] [ModdingLegacy/blue_skies/]: Sending JournalEntryManager to Joselin23
[19Apr2025 00:01:36.701] [Server thread/INFO] [ModdingLegacy/blue_skies/]: Sending JournalSectionManager to Joselin23
[19Apr2025 00:01:36.701] [Server thread/INFO] [ModdingLegacy/blue_skies/]: Sending JournalRequirementManager to Joselin23
[19Apr2025 00:01:36.739] [Server thread/INFO] [net.minecraft.server.MinecraftServer/]: Joselin23 joined the game
[19Apr2025 00:01:36.769] [Server thread/INFO] [Jade/]: Syncing config to Joselin23 (3b2022e1-5f64-368d-b807-60e46ae2ee21)
[19Apr2025 00:01:36.776] [Server thread/INFO] [Enigmatic Legacy/INFO]: Synchronizing omniconfig files to Joselin23...
[19Apr2025 00:01:36.777] [Server thread/INFO] [Enigmatic Legacy/INFO]: Sending data for enigmaticlegacy-common.omniconf
[19Apr2025 00:01:36.778] [Server thread/INFO] [Enigmatic Legacy/INFO]: Granting starter gear to Joselin23
[19Apr2025 00:02:08.959] [Server thread/INFO] [net.minecraft.server.MinecraftServer/]: [Joselin23: Teleported Lophez341 to Joselin23]
[19Apr2025 00:02:24.948] [Server thread/INFO] [net.minecraft.server.MinecraftServer/]: Joselin23 was shot by Wither Skeleton
[19Apr2025 00:02:30.401] [Server thread/INFO] [net.minecraft.server.MinecraftServer/]: [Joselin23: Teleported Joselin23 to 11671.500000, 114.500000, 15368.500000]
[19Apr2025 00:02:33.248] [Server thread/INFO] [net.minecraft.server.MinecraftServer/]: Joselin23 was shot by Wither Skeleton
[19Apr2025 00:02:39.008] [Server thread/INFO] [net.minecraft.server.MinecraftServer/]: [Joselin23: Teleported Joselin23 to Lophez341]
[19Apr2025 00:02:51.249] [Server thread/INFO] [net.minecraft.server.MinecraftServer/]: Joselin23 was shot by Wither Skeleton
[19Apr2025 00:02:54.051] [Server thread/INFO] [net.minecraft.server.MinecraftServer/]: [Joselin23: Teleported Joselin23 to Lophez341]
[19Apr2025 00:03:38.848] [Server thread/INFO] [net.minecraft.server.MinecraftServer/]: Joselin23 was shot by Wither Skeleton
[19Apr2025 00:03:42.350] [Server thread/INFO] [net.minecraft.server.MinecraftServer/]: [Joselin23: Teleported Joselin23 to 11673.500000, 114.500000, 15370.500000]
